<?xml version="1.0" encoding="UTF-8"?>
<testng-results ignored="0" total="2" passed="2" failed="0" skipped="0">
  <reporter-output>
  </reporter-output>
  <suite started-at="2022-07-28T18:23:30 IST" name="Default suite" finished-at="2022-07-28T18:23:33 IST" duration-ms="2312">
    <groups>
    </groups>
    <test started-at="2022-07-28T18:23:30 IST" name="Default test" finished-at="2022-07-28T18:23:33 IST" duration-ms="2312">
      <class name="Day02_APIChaining.Test01_POST2">
        <test-method signature="Test_Post()[pri:0, instance:Day02_APIChaining.Test01_POST2@1649b0e6]" started-at="2022-07-28T18:23:30 IST" name="Test_Post" finished-at="2022-07-28T18:23:32 IST" duration-ms="1739" status="PASS">
          <reporter-output>
          </reporter-output>
        </test-method> <!-- Test_Post -->
        <test-method signature="Test_Put()[pri:0, instance:Day02_APIChaining.Test01_POST2@1649b0e6]" started-at="2022-07-28T18:23:32 IST" name="Test_Put" finished-at="2022-07-28T18:23:33 IST" duration-ms="541" status="PASS">
          <reporter-output>
          </reporter-output>
        </test-method> <!-- Test_Put -->
      </class> <!-- Day02_APIChaining.Test01_POST2 -->
    </test> <!-- Default test -->
  </suite> <!-- Default suite -->
</testng-results>
